
> diplanung-style@13.1.0 build:storybook
> SET NODE_OPTIONS=--openssl-legacy-provider && storybook build

[1m@storybook/core v8.4.1
[22m
info => Cleaning outputDir: [36mstorybook-static[39m
info => Loading presets
info Found existing addon {"name":"@storybook/addon-docs","options":{"mdxPluginOptions":{"mdxCompileOptions":{"remarkPlugins":[null]}}}}, skipping.
info Found existing addon {"name":"@storybook/addon-docs","options":{"mdxPluginOptions":{"mdxCompileOptions":{"remarkPlugins":[null]}}}}, skipping.
info => Building manager..
info => Manager built ([38;2;181;126;229m334 ms[39m)
info => Building preview..
[36mvite v5.4.10 [32mbuilding for production...[36m[39m
transforming...
[32m✓[39m 389 modules transformed.
rendering chunks...
[2mstorybook-static/[22m[32miframe.html                                                [39m[1m[2m 16.15 kB[22m[1m[22m
[2mstorybook-static/[22m[32massets/open-sans-v34-latin-ext_latin-regular-BQNaRXGA.ttf  [39m[1m[2m 44.03 kB[22m[1m[22m
[2mstorybook-static/[22m[32massets/open-sans-v34-latin-ext_latin-600-vFG7oG2W.ttf      [39m[1m[2m 44.07 kB[22m[1m[22m
[2mstorybook-static/[22m[32massets/open-sans-v34-latin-ext_latin-500-BU-31AVK.ttf      [39m[1m[2m 44.07 kB[22m[1m[22m
[2mstorybook-static/[22m[32massets/open-sans-v34-latin-ext_latin-700-ohlUFHLH.ttf      [39m[1m[2m 44.10 kB[22m[1m[22m
[2mstorybook-static/[22m[32massets/open-sans-v34-latin-ext_latin-300-CCr-XVSO.ttf      [39m[1m[2m 44.11 kB[22m[1m[22m
[2mstorybook-static/[22m[32massets/open-sans-v34-latin-ext_latin-800-CXvfaXA8.ttf      [39m[1m[2m 44.36 kB[22m[1m[22m
[2mstorybook-static/[22m[32massets/dpsIcons-BWSXo4Ii.ttf                               [39m[1m[2m 47.82 kB[22m[1m[22m
[2mstorybook-static/[22m[35massets/preview-BJUVWYVq.css                                [39m[1m[2m308.63 kB[22m[1m[22m
[2mstorybook-static/[22m[36massets/_plugin-vue_export-helper-DlAUqK2U.js               [39m[1m[2m  0.09 kB[22m[1m[22m
[2mstorybook-static/[22m[36massets/id-D3Smy2bH.js                                      [39m[1m[2m  0.12 kB[22m[1m[22m
[2mstorybook-static/[22m[36massets/preview-DYzi3Z2p.js                                 [39m[1m[2m  0.16 kB[22m[1m[22m
[2mstorybook-static/[22m[36massets/index-CZGHQI95.js                                   [39m[1m[2m  0.29 kB[22m[1m[22m
[2mstorybook-static/[22m[36massets/Icon.stories-DhLTaC2a.js                            [39m[1m[2m  0.41 kB[22m[1m[22m
[2mstorybook-static/[22m[36massets/Accessibility.stories-K0lq7WMy.js                   [39m[1m[2m  0.68 kB[22m[1m[22m
[2mstorybook-static/[22m[36massets/preview-caVMbCIR.js                                 [39m[1m[2m  0.69 kB[22m[1m[22m
[2mstorybook-static/[22m[36massets/_commonjsHelpers-C4iS2aBk.js                        [39m[1m[2m  0.69 kB[22m[1m[22m
[2mstorybook-static/[22m[36massets/index-DrFu-skq.js                                   [39m[1m[2m  0.77 kB[22m[1m[22m
[2mstorybook-static/[22m[36massets/Label.stories-zzVBRYzT.js                           [39m[1m[2m  0.97 kB[22m[1m[22m
[2mstorybook-static/[22m[36massets/preview-CWo27T5H.js                                 [39m[1m[2m  1.00 kB[22m[1m[22m
[2mstorybook-static/[22m[36massets/DpsFilterButton.stories-1uK5doKa.js                 [39m[1m[2m  1.06 kB[22m[1m[22m
[2mstorybook-static/[22m[36massets/DpsBadge-afwtkdXh.js                                [39m[1m[2m  1.14 kB[22m[1m[22m
[2mstorybook-static/[22m[36massets/Typography.stories-AntqVwE0.js                      [39m[1m[2m  1.24 kB[22m[1m[22m
[2mstorybook-static/[22m[36massets/List.stories-B9GUyWsp.js                            [39m[1m[2m  1.26 kB[22m[1m[22m
[2mstorybook-static/[22m[36massets/DpsInputGroup-D4laPyaY.js                           [39m[1m[2m  1.34 kB[22m[1m[22m
[2mstorybook-static/[22m[36massets/Grid.stories-Wjm3mvBP.js                            [39m[1m[2m  1.36 kB[22m[1m[22m
[2mstorybook-static/[22m[36massets/DpsLoadingSpinner.stories-D0rfBWzU.js               [39m[1m[2m  1.51 kB[22m[1m[22m
[2mstorybook-static/[22m[36massets/DpsIconButton.stories-CdJUyOiJ.js                   [39m[1m[2m  1.59 kB[22m[1m[22m
[2mstorybook-static/[22m[36massets/DpsActionMenuItem.stories-BAzC_spx.js               [39m[1m[2m  1.79 kB[22m[1m[22m
[2mstorybook-static/[22m[36massets/DpsFilterButton-C790_rMR.js                         [39m[1m[2m  1.88 kB[22m[1m[22m
[2mstorybook-static/[22m[36massets/DpsAlert-DkU95wYL.js                                [39m[1m[2m  1.91 kB[22m[1m[22m
[2mstorybook-static/[22m[36massets/Link.stories-BetTBjFY.js                            [39m[1m[2m  2.20 kB[22m[1m[22m
[2mstorybook-static/[22m[36massets/entry-preview-BtAJw2GA.js                           [39m[1m[2m  2.22 kB[22m[1m[22m
[2mstorybook-static/[22m[36massets/DpsBadge.stories-BIRYEcND.js                        [39m[1m[2m  2.29 kB[22m[1m[22m
[2mstorybook-static/[22m[36massets/Heading.stories-1hss_vHA.js                         [39m[1m[2m  2.29 kB[22m[1m[22m
[2mstorybook-static/[22m[36massets/preview-bAry8KZa.js                                 [39m[1m[2m  2.47 kB[22m[1m[22m
[2mstorybook-static/[22m[36massets/DpsIconButton-BiURMQJy.js                           [39m[1m[2m  2.71 kB[22m[1m[22m
[2mstorybook-static/[22m[36massets/DpsInputGroup.stories-BzXgjVc6.js                   [39m[1m[2m  2.75 kB[22m[1m[22m
[2mstorybook-static/[22m[36massets/DpsFormFile.stories-CjAmsXn1.js                     [39m[1m[2m  3.05 kB[22m[1m[22m
[2mstorybook-static/[22m[36massets/Textarea.stories-CMcMUou3.js                        [39m[1m[2m  3.08 kB[22m[1m[22m
[2mstorybook-static/[22m[36massets/Badge.stories-Dm2ymQDC.js                           [39m[1m[2m  3.29 kB[22m[1m[22m
[2mstorybook-static/[22m[36massets/DpsActionMenuItem-FrFWJOeC.js                       [39m[1m[2m  3.36 kB[22m[1m[22m
[2mstorybook-static/[22m[36massets/DpsTableRow.stories-BLiDaLWU.js                     [39m[1m[2m  3.39 kB[22m[1m[22m
[2mstorybook-static/[22m[36massets/preview-DHPc-V4N.js                                 [39m[1m[2m  3.40 kB[22m[1m[22m
[2mstorybook-static/[22m[36massets/ButtonGroup.stories-UtJpVzVa.js                     [39m[1m[2m  3.49 kB[22m[1m[22m
[2mstorybook-static/[22m[36massets/Radio.stories-DzdXVi1-.js                           [39m[1m[2m  3.54 kB[22m[1m[22m
[2mstorybook-static/[22m[36massets/DpsSortSelect.stories-CaseYjHV.js                   [39m[1m[2m  3.56 kB[22m[1m[22m
[2mstorybook-static/[22m[36massets/DpsButton.stories-CSmk-qL5.js                       [39m[1m[2m  3.60 kB[22m[1m[22m
[2mstorybook-static/[22m[36massets/DpsFormRadio-BY9CeGss.js                            [39m[1m[2m  3.62 kB[22m[1m[22m
[2mstorybook-static/[22m[36massets/DpsAlert.stories-H97raZnP.js                        [39m[1m[2m  3.64 kB[22m[1m[22m
[2mstorybook-static/[22m[36massets/DpsListGroupItem.stories-ZBdxn_03.js                [39m[1m[2m  3.72 kB[22m[1m[22m
[2mstorybook-static/[22m[36massets/DpsListGroupItem-IOIVsPHS.js                        [39m[1m[2m  3.79 kB[22m[1m[22m
[2mstorybook-static/[22m[36massets/DpsLogoutAlert.stories-DBJMQJQa.js                  [39m[1m[2m  3.94 kB[22m[1m[22m
[2mstorybook-static/[22m[36massets/DpsTableRow-DxAxPvPQ.js                             [39m[1m[2m  3.97 kB[22m[1m[22m
[2mstorybook-static/[22m[36massets/DpsFormInput.stories-CHKDkbdB.js                    [39m[1m[2m  4.12 kB[22m[1m[22m
[2mstorybook-static/[22m[36massets/DpsFormFile-DQTzKwu7.js                             [39m[1m[2m  4.34 kB[22m[1m[22m
[2mstorybook-static/[22m[36massets/DpsButton-CvnXYKNg.js                               [39m[1m[2m  4.42 kB[22m[1m[22m
[2mstorybook-static/[22m[36massets/Checkbox.stories-COfR6b3Y.js                        [39m[1m[2m  4.43 kB[22m[1m[22m
[2mstorybook-static/[22m[36massets/DpsFormGroup-DrKXt8v-.js                            [39m[1m[2m  4.48 kB[22m[1m[22m
[2mstorybook-static/[22m[36massets/DpsFormGroup.stories-Dbr05L7S.js                    [39m[1m[2m  4.66 kB[22m[1m[22m
[2mstorybook-static/[22m[36massets/DpsFormRadioGroup-xliMQ-IV.js                       [39m[1m[2m  4.72 kB[22m[1m[22m
[2mstorybook-static/[22m[36massets/DpsAlphabeticFilter.stories-C0h5uF4n.js             [39m[1m[2m  4.79 kB[22m[1m[22m
[2mstorybook-static/[22m[36massets/preview-ncvtW_hb.js                                 [39m[1m[2m  4.84 kB[22m[1m[22m
[2mstorybook-static/[22m[36massets/DpsFormCheckbox-BQKDGJNK.js                         [39m[1m[2m  4.88 kB[22m[1m[22m
[2mstorybook-static/[22m[36massets/DpsListGroup.stories-CRlP-bLM.js                    [39m[1m[2m  4.96 kB[22m[1m[22m
[2mstorybook-static/[22m[36massets/DpsFormCheckboxGroup-BbMoLJPD.js                    [39m[1m[2m  5.05 kB[22m[1m[22m
[2mstorybook-static/[22m[36massets/DpsActionMenu-SvfPkpZC.js                           [39m[1m[2m  5.59 kB[22m[1m[22m
[2mstorybook-static/[22m[36massets/DpsFormToggle.stories-Bol6mXeV.js                   [39m[1m[2m  5.62 kB[22m[1m[22m
[2mstorybook-static/[22m[36massets/DpsFormTextarea.stories-qhwBYrwH.js                 [39m[1m[2m  6.18 kB[22m[1m[22m
[2mstorybook-static/[22m[36massets/DpsLink.stories-BNXVOUwA.js                         [39m[1m[2m  6.24 kB[22m[1m[22m
[2mstorybook-static/[22m[36massets/DpsFormSelect.stories-Bn3mPF86.js                   [39m[1m[2m  6.46 kB[22m[1m[22m
[2mstorybook-static/[22m[36massets/Text.stories-BV-WkHS3.js                            [39m[1m[2m  6.67 kB[22m[1m[22m
[2mstorybook-static/[22m[36massets/DpsFormCheckbox.stories-D5tUFQYS.js                 [39m[1m[2m  6.71 kB[22m[1m[22m
[2mstorybook-static/[22m[36massets/DpsFormRadio.stories-CUi12An1.js                    [39m[1m[2m  7.40 kB[22m[1m[22m
[2mstorybook-static/[22m[36massets/preview-BWzBA1C2.js                                 [39m[1m[2m  7.62 kB[22m[1m[22m
[2mstorybook-static/[22m[36massets/DpsFormInput-CjzXGrG0.js                            [39m[1m[2m  7.65 kB[22m[1m[22m
[2mstorybook-static/[22m[36massets/DpsActionMenu.stories-2sOqX8Of.js                   [39m[1m[2m  7.97 kB[22m[1m[22m
[2mstorybook-static/[22m[36massets/preview-CuLlOZat.js                                 [39m[1m[2m  8.08 kB[22m[1m[22m
[2mstorybook-static/[22m[36massets/DpsFormRadioGroup.stories-DYNNE9JM.js               [39m[1m[2m  8.10 kB[22m[1m[22m
[2mstorybook-static/[22m[36massets/Input.stories-B_KO9nwO.js                           [39m[1m[2m  8.48 kB[22m[1m[22m
[2mstorybook-static/[22m[36massets/DpsFormCheckboxGroup.stories-DYOvWDRM.js            [39m[1m[2m  8.77 kB[22m[1m[22m
[2mstorybook-static/[22m[36massets/InputGroup.stories-gdFjXKBZ.js                      [39m[1m[2m  8.79 kB[22m[1m[22m
[2mstorybook-static/[22m[36massets/DpsPagination.stories-1c64Tdc4.js                   [39m[1m[2m 10.39 kB[22m[1m[22m
[2mstorybook-static/[22m[36massets/DpsCollapsible.stories-CgLAP7za.js                  [39m[1m[2m 10.73 kB[22m[1m[22m
[2mstorybook-static/[22m[36massets/iframe-UWF0g6mS.js                                  [39m[1m[2m 12.56 kB[22m[1m[22m
[2mstorybook-static/[22m[36massets/DpsUploadFormGroup.stories-Btc-cHn3.js              [39m[1m[2m 12.59 kB[22m[1m[22m
[2mstorybook-static/[22m[36massets/Button.stories-CD7nEP6r.js                          [39m[1m[2m 15.48 kB[22m[1m[22m
[2mstorybook-static/[22m[36massets/DpsTable.stories-Cw2N6nlq.js                        [39m[1m[2m 27.09 kB[22m[1m[22m
[2mstorybook-static/[22m[36massets/DpsFormSelect-B_jvVP7b.js                           [39m[1m[2m 32.11 kB[22m[1m[22m
[2mstorybook-static/[22m[36massets/moment-C5S46NFB.js                                  [39m[1m[2m 60.81 kB[22m[1m[22m
[2mstorybook-static/[22m[36massets/DpsFormDatepicker.stories-BkQkI06s.js               [39m[1m[2m 61.68 kB[22m[1m[22m
[2mstorybook-static/[22m[36massets/vue.esm-bundler-uujCBpOE.js                         [39m[1m[2m156.20 kB[22m[1m[22m
[2mstorybook-static/[22m[36massets/preview-CRJDXyeN.js                                 [39m[1m[2m157.83 kB[22m[1m[22m
[2mstorybook-static/[22m[36massets/index-BzHQrgBV.js                                   [39m[1m[2m170.93 kB[22m[1m[22m
[2mstorybook-static/[22m[36massets/preview-yPcX37Rm.js                                 [39m[1m[33m542.94 kB[39m[22m
[2mstorybook-static/[22m[36massets/axe-CLvu069X.js                                     [39m[1m[33m570.03 kB[39m[22m
[32m✓ built in 8.15s[39m
info => Preview built ([38;2;181;126;229m9.02 s[39m)
info => Output directory: C:\Users\jzuleger\projects\diplanung\diplanung-style\storybook-static
